{
  "stats": {
    "suites": 1,
    "tests": 1,
    "passes": 1,
    "pending": 0,
    "failures": 0,
    "start": "2024-10-29T18:46:26.588Z",
    "end": "2024-10-29T18:46:35.830Z",
    "duration": 9242,
    "testsRegistered": 1,
    "passPercent": 100,
    "pendingPercent": 0,
    "other": 0,
    "hasOther": false,
    "skipped": 0,
    "hasSkipped": false
  },
  "results": [
    {
      "uuid": "4e0e0dce-06ad-4cfe-be98-ce55fdbb6ec6",
      "title": "",
      "fullFile": "cypress\\e2e\\find.cy.js",
      "file": "cypress\\e2e\\find.cy.js",
      "beforeHooks": [],
      "afterHooks": [],
      "tests": [],
      "suites": [
        {
          "uuid": "7ddc9da6-1499-4b7e-a66b-f60709db2950",
          "title": "Find an element on a webpage",
          "fullFile": "",
          "file": "",
          "beforeHooks": [],
          "afterHooks": [],
          "tests": [
            {
              "title": "Find an element on a webpage",
              "fullTitle": "Find an element on a webpage Find an element on a webpage",
              "timedOut": null,
              "duration": 6937,
              "state": "passed",
              "speed": "medium",
              "pass": true,
              "fail": false,
              "pending": false,
              "context": null,
              "code": "cy.visit('https://opensource-demo.orangehrmlive.com/web/index.php/auth/login');\ncy.get(\"input[placeholder='Username']\").type('Admin');\ncy.get(\"input[placeholder='Password']\").type('admin123');\ncy.get(\"button[type='submit']\").click();\ncy.get('body > div:nth-child(3) > div:nth-child(1) > div:nth-child(1) > aside:nth-child(1) > nav:nth-child(1) > div:nth-child(2) > ul:nth-child(2) > li:nth-child(3) > a:nth-child(1) > span:nth-child(2)').click();\n// cy.get(\".oxd-topbar-body-nav > ul\").contains('apply', {matchCase: false}).click()\ncy.get(\".oxd-topbar-body-nav > ul\").find('li a').contains('Apply').click();",
              "err": {},
              "uuid": "a7c98cb7-50a4-4d17-8e74-84da6bcea10d",
              "parentUUID": "7ddc9da6-1499-4b7e-a66b-f60709db2950",
              "isHook": false,
              "skipped": false
            }
          ],
          "suites": [],
          "passes": [
            "a7c98cb7-50a4-4d17-8e74-84da6bcea10d"
          ],
          "failures": [],
          "pending": [],
          "skipped": [],
          "duration": 6937,
          "root": false,
          "rootEmpty": false,
          "_timeout": 2000
        }
      ],
      "passes": [],
      "failures": [],
      "pending": [],
      "skipped": [],
      "duration": 0,
      "root": true,
      "rootEmpty": true,
      "_timeout": 2000
    }
  ],
  "meta": {
    "mocha": {
      "version": "7.0.1"
    },
    "mochawesome": {
      "options": {
        "quiet": false,
        "reportFilename": "mochawesome",
        "saveHtml": false,
        "saveJson": true,
        "consoleReporter": "spec",
        "useInlineDiffs": false,
        "code": true
      },
      "version": "7.1.3"
    },
    "marge": {
      "options": {
        "overwrite": false,
        "html": false,
        "json": true
      },
      "version": "6.2.0"
    }
  }
}