{
  "stats": {
    "suites": 1,
    "tests": 1,
    "passes": 1,
    "pending": 0,
    "failures": 0,
    "start": "2024-10-29T18:47:44.416Z",
    "end": "2024-10-29T18:47:48.382Z",
    "duration": 3966,
    "testsRegistered": 1,
    "passPercent": 100,
    "pendingPercent": 0,
    "other": 0,
    "hasOther": false,
    "skipped": 0,
    "hasSkipped": false
  },
  "results": [
    {
      "uuid": "778e0e38-2bec-4c6c-9ff9-513da5f5bcfc",
      "title": "",
      "fullFile": "cypress\\e2e\\selectDropdown.cy.js",
      "file": "cypress\\e2e\\selectDropdown.cy.js",
      "beforeHooks": [],
      "afterHooks": [],
      "tests": [],
      "suites": [
        {
          "uuid": "81478f9d-3fef-4be9-94df-0b01810c93da",
          "title": "Validate dropdowns",
          "fullFile": "",
          "file": "",
          "beforeHooks": [],
          "afterHooks": [],
          "tests": [
            {
              "title": "Validate select based dropdown",
              "fullTitle": "Validate dropdowns Validate select based dropdown",
              "timedOut": null,
              "duration": 1697,
              "state": "passed",
              "speed": "fast",
              "pass": true,
              "fail": false,
              "pending": false,
              "context": null,
              "code": "cy.visit('https://www.saucedemo.com/');\ncy.get(\"input[id*='user-name']\").type('standard_user');\ncy.get(\"input[id*='password']\").type('secret_sauce');\ncy.get(\"input[id*='login-button']\").click();\ncy.get(\"select.product_sort_container\").select('Price (high to low)');",
              "err": {},
              "uuid": "8d109d9b-9b39-48c3-9e25-458fbbd09207",
              "parentUUID": "81478f9d-3fef-4be9-94df-0b01810c93da",
              "isHook": false,
              "skipped": false
            }
          ],
          "suites": [],
          "passes": [
            "8d109d9b-9b39-48c3-9e25-458fbbd09207"
          ],
          "failures": [],
          "pending": [],
          "skipped": [],
          "duration": 1697,
          "root": false,
          "rootEmpty": false,
          "_timeout": 2000
        }
      ],
      "passes": [],
      "failures": [],
      "pending": [],
      "skipped": [],
      "duration": 0,
      "root": true,
      "rootEmpty": true,
      "_timeout": 2000
    }
  ],
  "meta": {
    "mocha": {
      "version": "7.0.1"
    },
    "mochawesome": {
      "options": {
        "quiet": false,
        "reportFilename": "mochawesome",
        "saveHtml": false,
        "saveJson": true,
        "consoleReporter": "spec",
        "useInlineDiffs": false,
        "code": true
      },
      "version": "7.1.3"
    },
    "marge": {
      "options": {
        "overwrite": false,
        "html": false,
        "json": true
      },
      "version": "6.2.0"
    }
  }
}