{
  "stats": {
    "suites": 1,
    "tests": 1,
    "passes": 1,
    "pending": 0,
    "failures": 0,
    "start": "2024-10-29T18:47:50.737Z",
    "end": "2024-10-29T18:47:55.401Z",
    "duration": 4664,
    "testsRegistered": 1,
    "passPercent": 100,
    "pendingPercent": 0,
    "other": 0,
    "hasOther": false,
    "skipped": 0,
    "hasSkipped": false
  },
  "results": [
    {
      "uuid": "f92b0d01-ce69-4627-83c4-490c78840e99",
      "title": "",
      "fullFile": "cypress\\e2e\\shouldAssertion.cy.js",
      "file": "cypress\\e2e\\shouldAssertion.cy.js",
      "beforeHooks": [],
      "afterHooks": [],
      "tests": [],
      "suites": [
        {
          "uuid": "7f77c36f-eb7e-40e4-ac20-d85ad1e6cd10",
          "title": "BDD Style Assertion",
          "fullFile": "",
          "file": "",
          "beforeHooks": [],
          "afterHooks": [],
          "tests": [
            {
              "title": "Validate Orange Login Page",
              "fullTitle": "BDD Style Assertion Validate Orange Login Page",
              "timedOut": null,
              "duration": 2089,
              "state": "passed",
              "speed": "fast",
              "pass": true,
              "fail": false,
              "pending": false,
              "context": null,
              "code": "cy.visit('https://opensource-demo.orangehrmlive.com/web/index.php/auth/login');\ncy.url().should('include', '/auth/login');\ncy.title().should('eq', 'OrangeHRM');\ncy.get('.oxd-text--h5').should('have.text', 'Login');\ncy.get('.oxd-text--h5').should('not.contain', 'Login Page');\ncy.get(':nth-child(3) > .oxd-input-group > :nth-child(2) > .oxd-input').should('be.visible');\ncy.get(':nth-child(3) > .oxd-input-group > :nth-child(2) > .oxd-input').should('exist');\ncy.get(':nth-child(3) > .oxd-input-group > :nth-child(2) > .oxd-input').should('be.enabled').and('not.be.disabled');\ncy.get('.oxd-button').should('have.css', 'background-color', 'rgb(255, 123, 29)');",
              "err": {},
              "uuid": "7134364f-7a09-49c1-bc35-e2c25796d4f8",
              "parentUUID": "7f77c36f-eb7e-40e4-ac20-d85ad1e6cd10",
              "isHook": false,
              "skipped": false
            }
          ],
          "suites": [],
          "passes": [
            "7134364f-7a09-49c1-bc35-e2c25796d4f8"
          ],
          "failures": [],
          "pending": [],
          "skipped": [],
          "duration": 2089,
          "root": false,
          "rootEmpty": false,
          "_timeout": 2000
        }
      ],
      "passes": [],
      "failures": [],
      "pending": [],
      "skipped": [],
      "duration": 0,
      "root": true,
      "rootEmpty": true,
      "_timeout": 2000
    }
  ],
  "meta": {
    "mocha": {
      "version": "7.0.1"
    },
    "mochawesome": {
      "options": {
        "quiet": false,
        "reportFilename": "mochawesome",
        "saveHtml": false,
        "saveJson": true,
        "consoleReporter": "spec",
        "useInlineDiffs": false,
        "code": true
      },
      "version": "7.1.3"
    },
    "marge": {
      "options": {
        "overwrite": false,
        "html": false,
        "json": true
      },
      "version": "6.2.0"
    }
  }
}