{
  "stats": {
    "suites": 1,
    "tests": 1,
    "passes": 1,
    "pending": 0,
    "failures": 0,
    "start": "2024-10-29T18:45:59.238Z",
    "end": "2024-10-29T18:46:14.896Z",
    "duration": 15658,
    "testsRegistered": 1,
    "passPercent": 100,
    "pendingPercent": 0,
    "other": 0,
    "hasOther": false,
    "skipped": 0,
    "hasSkipped": false
  },
  "results": [
    {
      "uuid": "f03a2742-7ee9-478f-b9ce-e7cc37df12a2",
      "title": "",
      "fullFile": "cypress\\e2e\\contains.cy.js",
      "file": "cypress\\e2e\\contains.cy.js",
      "beforeHooks": [],
      "afterHooks": [],
      "tests": [],
      "suites": [
        {
          "uuid": "00e838a1-16bc-406f-ade4-2958ace911f0",
          "title": "contains something on the page",
          "fullFile": "",
          "file": "",
          "beforeHooks": [],
          "afterHooks": [],
          "tests": [
            {
              "title": "contains something on the page",
              "fullTitle": "contains something on the page contains something on the page",
              "timedOut": null,
              "duration": 12429,
              "state": "passed",
              "speed": "slow",
              "pass": true,
              "fail": false,
              "pending": false,
              "context": null,
              "code": "cy.visit('https://opensource-demo.orangehrmlive.com/web/index.php/auth/login');\ncy.get(\"input[placeholder='Username']\").type('Admin');\ncy.get(\"input[placeholder='Password']\").type('admin123');\ncy.get(\"button[type='submit']\").click();\ncy.get('body > div:nth-child(3) > div:nth-child(1) > div:nth-child(1) > aside:nth-child(1) > nav:nth-child(1) > div:nth-child(2) > ul:nth-child(2) > li:nth-child(3) > a:nth-child(1) > span:nth-child(2)').click();\n// cy.get(\".oxd-topbar-body-nav > ul\").contains('apply', {matchCase: false}).click()\ncy.get(\".oxd-topbar-body-nav > ul\").contains(/^M\\w+/).click();",
              "err": {},
              "uuid": "7cadcb0b-ee8b-459d-9cd2-4b0a79963538",
              "parentUUID": "00e838a1-16bc-406f-ade4-2958ace911f0",
              "isHook": false,
              "skipped": false
            }
          ],
          "suites": [],
          "passes": [
            "7cadcb0b-ee8b-459d-9cd2-4b0a79963538"
          ],
          "failures": [],
          "pending": [],
          "skipped": [],
          "duration": 12429,
          "root": false,
          "rootEmpty": false,
          "_timeout": 2000
        }
      ],
      "passes": [],
      "failures": [],
      "pending": [],
      "skipped": [],
      "duration": 0,
      "root": true,
      "rootEmpty": true,
      "_timeout": 2000
    }
  ],
  "meta": {
    "mocha": {
      "version": "7.0.1"
    },
    "mochawesome": {
      "options": {
        "quiet": false,
        "reportFilename": "mochawesome",
        "saveHtml": false,
        "saveJson": true,
        "consoleReporter": "spec",
        "useInlineDiffs": false,
        "code": true
      },
      "version": "7.1.3"
    },
    "marge": {
      "options": {
        "overwrite": false,
        "html": false,
        "json": true
      },
      "version": "6.2.0"
    }
  }
}