{
  "stats": {
    "suites": 1,
    "tests": 2,
    "passes": 1,
    "pending": 0,
    "failures": 1,
    "start": "2024-10-29T18:45:40.319Z",
    "end": "2024-10-29T18:45:55.965Z",
    "duration": 15646,
    "testsRegistered": 2,
    "passPercent": 50,
    "pendingPercent": 0,
    "other": 0,
    "hasOther": false,
    "skipped": 0,
    "hasSkipped": false
  },
  "results": [
    {
      "uuid": "95af2e18-fe62-460a-a135-d4166d68b5ee",
      "title": "",
      "fullFile": "cypress\\e2e\\checkRadioBtnAndCheckbox.cy.js",
      "file": "cypress\\e2e\\checkRadioBtnAndCheckbox.cy.js",
      "beforeHooks": [],
      "afterHooks": [],
      "tests": [],
      "suites": [
        {
          "uuid": "20bb0c11-0615-4cf3-a49b-69e80da59c04",
          "title": "Validate checkboxex and radio button",
          "fullFile": "",
          "file": "",
          "beforeHooks": [],
          "afterHooks": [],
          "tests": [
            {
              "title": "Validate checkbox",
              "fullTitle": "Validate checkboxex and radio button Validate checkbox",
              "timedOut": null,
              "duration": 10903,
              "state": "failed",
              "speed": null,
              "pass": false,
              "fail": true,
              "pending": false,
              "context": null,
              "code": "cy.visit('https://form.jotform.com/242895787767079');\n//check all boxex\ncy.get(\"input[type='checkbox']\").check({\n  force: true\n});\n//Uncheck all boxex\ncy.get(\"input[type='checkbox']\").uncheck({\n  force: true\n});\n//Check only a specific box\n// cy.get(\"input[type='checkbox']\").check('Type option 1', {force: true})\n//Check multiply values\ncy.get(\"input[type='checkbox']\").check(['Type option 1', 'Type option 2'], {\n  force: true\n});\ncy.get('input[type=\"ckeckbox\"]').should('have.length', 13, {\n  force: true\n});",
              "err": {
                "message": "AssertionError: Timed out retrying after 4000ms: Expected to find element: `input[type=\"ckeckbox\"]`, but never found it.",
                "estack": "AssertionError: Timed out retrying after 4000ms: Expected to find element: `input[type=\"ckeckbox\"]`, but never found it.\n    at Context.eval (webpack:///./cypress/e2e/checkRadioBtnAndCheckbox.cy.js:14:41)",
                "diff": null
              },
              "uuid": "068d9603-07f3-429e-b2d1-b934f5aa3e1e",
              "parentUUID": "20bb0c11-0615-4cf3-a49b-69e80da59c04",
              "isHook": false,
              "skipped": false
            },
            {
              "title": "Validate radio button",
              "fullTitle": "Validate checkboxex and radio button Validate radio button",
              "timedOut": null,
              "duration": 967,
              "state": "passed",
              "speed": "fast",
              "pass": true,
              "fail": false,
              "pending": false,
              "context": null,
              "code": "cy.visit('https://form.jotform.com/242895787767079');\n// cy.get('input[type=\"radio\"]').first().check()\ncy.get(\"input[type='radio']\").check('Female', {\n  force: true\n});",
              "err": {},
              "uuid": "4cd0bcfe-4ef2-4e93-a52c-3921c4d7dccd",
              "parentUUID": "20bb0c11-0615-4cf3-a49b-69e80da59c04",
              "isHook": false,
              "skipped": false
            }
          ],
          "suites": [],
          "passes": [
            "4cd0bcfe-4ef2-4e93-a52c-3921c4d7dccd"
          ],
          "failures": [
            "068d9603-07f3-429e-b2d1-b934f5aa3e1e"
          ],
          "pending": [],
          "skipped": [],
          "duration": 11870,
          "root": false,
          "rootEmpty": false,
          "_timeout": 2000
        }
      ],
      "passes": [],
      "failures": [],
      "pending": [],
      "skipped": [],
      "duration": 0,
      "root": true,
      "rootEmpty": true,
      "_timeout": 2000
    }
  ],
  "meta": {
    "mocha": {
      "version": "7.0.1"
    },
    "mochawesome": {
      "options": {
        "quiet": false,
        "reportFilename": "mochawesome",
        "saveHtml": false,
        "saveJson": true,
        "consoleReporter": "spec",
        "useInlineDiffs": false,
        "code": true
      },
      "version": "7.1.3"
    },
    "marge": {
      "options": {
        "overwrite": false,
        "html": false,
        "json": true
      },
      "version": "6.2.0"
    }
  }
}